#Software: Microsoft Internet Information Services 10.0
#Version: 1.0
#Date: 2022-03-04 01:20:07
#Fields: date time s-ip cs-method cs-uri-stem cs-uri-query s-port cs-username c-ip cs(User-Agent) cs(Referer) sc-status sc-substatus sc-win32-status time-taken
2022-03-04 01:20:04 ::1 GET / - 43 - ::1 Mozilla/5.0+(Windows+NT+10.0;+WOW64;+Trident/7.0;+rv:11.0)+like+Gecko - 200 0 0 13121
2022-03-04 01:20:05 ::1 GET /static/css/custom_dragdrop_v2.css - 43 - ::1 Mozilla/5.0+(Windows+NT+10.0;+WOW64;+Trident/7.0;+rv:11.0)+like+Gecko http://localhost:43/ 304 0 0 1173
2022-03-04 01:20:05 ::1 GET /static/css/bootstrap.min.css - 43 - ::1 Mozilla/5.0+(Windows+NT+10.0;+WOW64;+Trident/7.0;+rv:11.0)+like+Gecko http://localhost:43/ 304 0 0 1187
2022-03-04 01:20:06 ::1 GET /static/js/bootstrap.bundle.js - 43 - ::1 Mozilla/5.0+(Windows+NT+10.0;+WOW64;+Trident/7.0;+rv:11.0)+like+Gecko http://localhost:43/ 304 0 0 1540
2022-03-04 01:20:06 ::1 GET /favicon.ico - 43 - ::1 Mozilla/5.0+(Windows+NT+10.0;+WOW64;+Trident/7.0;+rv:11.0)+like+Gecko - 404 0 0 74
2022-03-04 01:20:05 ::1 GET /static/css/bootstrap.css - 43 - ::1 Mozilla/5.0+(Windows+NT+10.0;+WOW64;+Trident/7.0;+rv:11.0)+like+Gecko http://localhost:43/ 304 0 0 1070
2022-03-04 01:20:05 ::1 GET /static/js/jquery.validate.js - 43 - ::1 Mozilla/5.0+(Windows+NT+10.0;+WOW64;+Trident/7.0;+rv:11.0)+like+Gecko http://localhost:43/ 304 0 0 180
2022-03-04 01:20:05 ::1 GET /static/css/bootstrap-utilities.css - 43 - ::1 Mozilla/5.0+(Windows+NT+10.0;+WOW64;+Trident/7.0;+rv:11.0)+like+Gecko http://localhost:43/ 304 0 0 1118
2022-03-04 01:20:05 ::1 GET /static/js/jquery-3.6.0.min.js - 43 - ::1 Mozilla/5.0+(Windows+NT+10.0;+WOW64;+Trident/7.0;+rv:11.0)+like+Gecko http://localhost:43/ 304 0 0 199
2022-03-04 01:20:05 ::1 GET /static/js/validatepassword.js - 43 - ::1 Mozilla/5.0+(Windows+NT+10.0;+WOW64;+Trident/7.0;+rv:11.0)+like+Gecko http://localhost:43/ 304 0 0 1627
2022-03-04 01:21:43 ::1 POST /upload - 43 - ::1 Mozilla/5.0+(Windows+NT+10.0;+WOW64;+Trident/7.0;+rv:11.0)+like+Gecko http://localhost:43/ 200 0 0 249
2022-03-04 01:23:03 ::1 POST /upload - 43 - ::1 Mozilla/5.0+(Windows+NT+10.0;+WOW64;+Trident/7.0;+rv:11.0)+like+Gecko http://localhost:43/ 302 0 0 55
2022-03-04 01:23:03 ::1 GET / - 43 - ::1 Mozilla/5.0+(Windows+NT+10.0;+WOW64;+Trident/7.0;+rv:11.0)+like+Gecko http://localhost:43/ 200 0 0 4
2022-03-04 01:23:03 ::1 GET /static/css/bootstrap.min.css - 43 - ::1 Mozilla/5.0+(Windows+NT+10.0;+WOW64;+Trident/7.0;+rv:11.0)+like+Gecko http://localhost:43/ 304 0 0 3
2022-03-04 01:23:03 ::1 GET /static/css/custom_dragdrop_v2.css - 43 - ::1 Mozilla/5.0+(Windows+NT+10.0;+WOW64;+Trident/7.0;+rv:11.0)+like+Gecko http://localhost:43/ 304 0 0 6
2022-03-04 01:23:03 ::1 GET /static/css/bootstrap-utilities.css - 43 - ::1 Mozilla/5.0+(Windows+NT+10.0;+WOW64;+Trident/7.0;+rv:11.0)+like+Gecko http://localhost:43/ 304 0 0 4
2022-03-04 01:23:03 ::1 GET /static/css/bootstrap.css - 43 - ::1 Mozilla/5.0+(Windows+NT+10.0;+WOW64;+Trident/7.0;+rv:11.0)+like+Gecko http://localhost:43/ 304 0 0 6
2022-03-04 01:23:03 ::1 GET /static/js/validatepassword.js - 43 - ::1 Mozilla/5.0+(Windows+NT+10.0;+WOW64;+Trident/7.0;+rv:11.0)+like+Gecko http://localhost:43/ 304 0 0 6
2022-03-04 01:23:03 ::1 GET /static/js/bootstrap.bundle.js - 43 - ::1 Mozilla/5.0+(Windows+NT+10.0;+WOW64;+Trident/7.0;+rv:11.0)+like+Gecko http://localhost:43/ 304 0 0 5
2022-03-04 01:23:03 ::1 GET /static/js/jquery-3.6.0.min.js - 43 - ::1 Mozilla/5.0+(Windows+NT+10.0;+WOW64;+Trident/7.0;+rv:11.0)+like+Gecko http://localhost:43/ 304 0 0 5
2022-03-04 01:23:03 ::1 GET /static/js/jquery.validate.js - 43 - ::1 Mozilla/5.0+(Windows+NT+10.0;+WOW64;+Trident/7.0;+rv:11.0)+like+Gecko http://localhost:43/ 304 0 0 2
2022-03-04 01:27:13 ::1 GET / - 43 - ::1 Mozilla/5.0+(Windows+NT+10.0;+WOW64;+Trident/7.0;+rv:11.0)+like+Gecko http://localhost:43/ 200 0 0 5
2022-03-04 01:27:13 ::1 GET /static/css/bootstrap.min.css - 43 - ::1 Mozilla/5.0+(Windows+NT+10.0;+WOW64;+Trident/7.0;+rv:11.0)+like+Gecko http://localhost:43/ 304 0 0 1
2022-03-04 01:27:13 ::1 GET /static/css/custom_dragdrop_v2.css - 43 - ::1 Mozilla/5.0+(Windows+NT+10.0;+WOW64;+Trident/7.0;+rv:11.0)+like+Gecko http://localhost:43/ 304 0 0 1
2022-03-04 01:27:13 ::1 GET /static/css/bootstrap-utilities.css - 43 - ::1 Mozilla/5.0+(Windows+NT+10.0;+WOW64;+Trident/7.0;+rv:11.0)+like+Gecko http://localhost:43/ 304 0 0 1
2022-03-04 01:27:13 ::1 GET /static/css/bootstrap.css - 43 - ::1 Mozilla/5.0+(Windows+NT+10.0;+WOW64;+Trident/7.0;+rv:11.0)+like+Gecko http://localhost:43/ 304 0 0 1
2022-03-04 01:27:13 ::1 GET /static/js/validatepassword.js - 43 - ::1 Mozilla/5.0+(Windows+NT+10.0;+WOW64;+Trident/7.0;+rv:11.0)+like+Gecko http://localhost:43/ 304 0 0 2
2022-03-04 01:27:13 ::1 GET /static/js/bootstrap.bundle.js - 43 - ::1 Mozilla/5.0+(Windows+NT+10.0;+WOW64;+Trident/7.0;+rv:11.0)+like+Gecko http://localhost:43/ 304 0 0 1
2022-03-04 01:27:13 ::1 GET /static/js/jquery-3.6.0.min.js - 43 - ::1 Mozilla/5.0+(Windows+NT+10.0;+WOW64;+Trident/7.0;+rv:11.0)+like+Gecko http://localhost:43/ 304 0 0 1
2022-03-04 01:27:13 ::1 GET /static/js/jquery.validate.js - 43 - ::1 Mozilla/5.0+(Windows+NT+10.0;+WOW64;+Trident/7.0;+rv:11.0)+like+Gecko http://localhost:43/ 304 0 0 1
2022-03-04 01:27:41 ::1 GET /static/css/bootstrap.min.css - 43 - ::1 Mozilla/5.0+(Windows+NT+10.0;+WOW64;+Trident/7.0;+rv:11.0)+like+Gecko http://localhost:43/ 304 0 0 1
2022-03-04 01:27:41 ::1 GET / - 43 - ::1 Mozilla/5.0+(Windows+NT+10.0;+WOW64;+Trident/7.0;+rv:11.0)+like+Gecko http://localhost:43/ 200 0 0 17
2022-03-04 01:27:41 ::1 GET /static/css/custom_dragdrop_v2.css - 43 - ::1 Mozilla/5.0+(Windows+NT+10.0;+WOW64;+Trident/7.0;+rv:11.0)+like+Gecko http://localhost:43/ 304 0 0 1
2022-03-04 01:27:41 ::1 GET /static/css/bootstrap-utilities.css - 43 - ::1 Mozilla/5.0+(Windows+NT+10.0;+WOW64;+Trident/7.0;+rv:11.0)+like+Gecko http://localhost:43/ 304 0 0 1
2022-03-04 01:27:41 ::1 GET /static/css/bootstrap.css - 43 - ::1 Mozilla/5.0+(Windows+NT+10.0;+WOW64;+Trident/7.0;+rv:11.0)+like+Gecko http://localhost:43/ 304 0 0 1
2022-03-04 01:27:41 ::1 GET /static/js/bootstrap.bundle.js - 43 - ::1 Mozilla/5.0+(Windows+NT+10.0;+WOW64;+Trident/7.0;+rv:11.0)+like+Gecko http://localhost:43/ 304 0 0 2
2022-03-04 01:27:41 ::1 GET /static/js/validatepassword.js - 43 - ::1 Mozilla/5.0+(Windows+NT+10.0;+WOW64;+Trident/7.0;+rv:11.0)+like+Gecko http://localhost:43/ 304 0 0 2
2022-03-04 01:27:41 ::1 GET /static/js/jquery-3.6.0.min.js - 43 - ::1 Mozilla/5.0+(Windows+NT+10.0;+WOW64;+Trident/7.0;+rv:11.0)+like+Gecko http://localhost:43/ 304 0 0 1
2022-03-04 01:27:41 ::1 GET /static/js/jquery.validate.js - 43 - ::1 Mozilla/5.0+(Windows+NT+10.0;+WOW64;+Trident/7.0;+rv:11.0)+like+Gecko http://localhost:43/ 304 0 0 1
2022-03-04 01:27:43 ::1 GET / - 43 - ::1 Mozilla/5.0+(Windows+NT+10.0;+WOW64;+Trident/7.0;+rv:11.0)+like+Gecko http://localhost:43/ 200 0 0 2
2022-03-04 01:27:43 ::1 GET /static/css/bootstrap.min.css - 43 - ::1 Mozilla/5.0+(Windows+NT+10.0;+WOW64;+Trident/7.0;+rv:11.0)+like+Gecko http://localhost:43/ 304 0 0 1
2022-03-04 01:27:43 ::1 GET /static/css/custom_dragdrop_v2.css - 43 - ::1 Mozilla/5.0+(Windows+NT+10.0;+WOW64;+Trident/7.0;+rv:11.0)+like+Gecko http://localhost:43/ 304 0 0 1
2022-03-04 01:27:43 ::1 GET /static/css/bootstrap-utilities.css - 43 - ::1 Mozilla/5.0+(Windows+NT+10.0;+WOW64;+Trident/7.0;+rv:11.0)+like+Gecko http://localhost:43/ 304 0 0 1
2022-03-04 01:27:43 ::1 GET /static/css/bootstrap.css - 43 - ::1 Mozilla/5.0+(Windows+NT+10.0;+WOW64;+Trident/7.0;+rv:11.0)+like+Gecko http://localhost:43/ 304 0 0 1
2022-03-04 01:27:43 ::1 GET /static/js/bootstrap.bundle.js - 43 - ::1 Mozilla/5.0+(Windows+NT+10.0;+WOW64;+Trident/7.0;+rv:11.0)+like+Gecko http://localhost:43/ 304 0 0 2
2022-03-04 01:27:43 ::1 GET /static/js/validatepassword.js - 43 - ::1 Mozilla/5.0+(Windows+NT+10.0;+WOW64;+Trident/7.0;+rv:11.0)+like+Gecko http://localhost:43/ 304 0 0 1
2022-03-04 01:27:43 ::1 GET /static/js/jquery-3.6.0.min.js - 43 - ::1 Mozilla/5.0+(Windows+NT+10.0;+WOW64;+Trident/7.0;+rv:11.0)+like+Gecko http://localhost:43/ 304 0 0 1
2022-03-04 01:27:43 ::1 GET / - 43 - ::1 Mozilla/5.0+(Windows+NT+10.0;+WOW64;+Trident/7.0;+rv:11.0)+like+Gecko http://localhost:43/ 200 0 0 2
2022-03-04 01:27:43 ::1 GET /static/js/jquery.validate.js - 43 - ::1 Mozilla/5.0+(Windows+NT+10.0;+WOW64;+Trident/7.0;+rv:11.0)+like+Gecko http://localhost:43/ 304 0 0 1
2022-03-04 01:27:43 ::1 GET /static/css/bootstrap.min.css - 43 - ::1 Mozilla/5.0+(Windows+NT+10.0;+WOW64;+Trident/7.0;+rv:11.0)+like+Gecko http://localhost:43/ 304 0 0 1
2022-03-04 01:27:43 ::1 GET /static/css/bootstrap-utilities.css - 43 - ::1 Mozilla/5.0+(Windows+NT+10.0;+WOW64;+Trident/7.0;+rv:11.0)+like+Gecko http://localhost:43/ 304 0 0 1
2022-03-04 01:27:43 ::1 GET /static/css/custom_dragdrop_v2.css - 43 - ::1 Mozilla/5.0+(Windows+NT+10.0;+WOW64;+Trident/7.0;+rv:11.0)+like+Gecko http://localhost:43/ 304 0 0 1
2022-03-04 01:27:43 ::1 GET /static/css/bootstrap.css - 43 - ::1 Mozilla/5.0+(Windows+NT+10.0;+WOW64;+Trident/7.0;+rv:11.0)+like+Gecko http://localhost:43/ 304 0 0 1
2022-03-04 01:27:43 ::1 GET /static/js/validatepassword.js - 43 - ::1 Mozilla/5.0+(Windows+NT+10.0;+WOW64;+Trident/7.0;+rv:11.0)+like+Gecko http://localhost:43/ 304 0 0 2
2022-03-04 01:27:43 ::1 GET /static/js/bootstrap.bundle.js - 43 - ::1 Mozilla/5.0+(Windows+NT+10.0;+WOW64;+Trident/7.0;+rv:11.0)+like+Gecko http://localhost:43/ 304 0 0 1
2022-03-04 01:27:43 ::1 GET /static/js/jquery-3.6.0.min.js - 43 - ::1 Mozilla/5.0+(Windows+NT+10.0;+WOW64;+Trident/7.0;+rv:11.0)+like+Gecko http://localhost:43/ 304 0 0 1
2022-03-04 01:27:43 ::1 GET /static/js/jquery.validate.js - 43 - ::1 Mozilla/5.0+(Windows+NT+10.0;+WOW64;+Trident/7.0;+rv:11.0)+like+Gecko http://localhost:43/ 304 0 0 1
2022-03-04 01:27:51 ::1 GET / - 43 - ::1 Mozilla/5.0+(Windows+NT+10.0;+WOW64;+Trident/7.0;+rv:11.0)+like+Gecko http://localhost:43/ 200 0 0 3
2022-03-04 01:27:51 ::1 GET /static/css/custom_dragdrop_v2.css - 43 - ::1 Mozilla/5.0+(Windows+NT+10.0;+WOW64;+Trident/7.0;+rv:11.0)+like+Gecko http://localhost:43/ 304 0 0 2
2022-03-04 01:27:51 ::1 GET /static/css/bootstrap.min.css - 43 - ::1 Mozilla/5.0+(Windows+NT+10.0;+WOW64;+Trident/7.0;+rv:11.0)+like+Gecko http://localhost:43/ 304 0 0 2
2022-03-04 01:27:51 ::1 GET /static/css/bootstrap-utilities.css - 43 - ::1 Mozilla/5.0+(Windows+NT+10.0;+WOW64;+Trident/7.0;+rv:11.0)+like+Gecko http://localhost:43/ 304 0 0 1
2022-03-04 01:27:51 ::1 GET /static/css/bootstrap.css - 43 - ::1 Mozilla/5.0+(Windows+NT+10.0;+WOW64;+Trident/7.0;+rv:11.0)+like+Gecko http://localhost:43/ 304 0 0 1
2022-03-04 01:27:51 ::1 GET /static/js/bootstrap.bundle.js - 43 - ::1 Mozilla/5.0+(Windows+NT+10.0;+WOW64;+Trident/7.0;+rv:11.0)+like+Gecko http://localhost:43/ 304 0 0 1
2022-03-04 01:27:51 ::1 GET /static/js/validatepassword.js - 43 - ::1 Mozilla/5.0+(Windows+NT+10.0;+WOW64;+Trident/7.0;+rv:11.0)+like+Gecko http://localhost:43/ 304 0 0 1
2022-03-04 01:27:51 ::1 GET /static/js/jquery-3.6.0.min.js - 43 - ::1 Mozilla/5.0+(Windows+NT+10.0;+WOW64;+Trident/7.0;+rv:11.0)+like+Gecko http://localhost:43/ 304 0 0 1
2022-03-04 01:27:51 ::1 GET /static/js/jquery.validate.js - 43 - ::1 Mozilla/5.0+(Windows+NT+10.0;+WOW64;+Trident/7.0;+rv:11.0)+like+Gecko http://localhost:43/ 304 0 0 2
2022-03-04 01:27:51 ::1 GET / - 43 - ::1 Mozilla/5.0+(Windows+NT+10.0;+WOW64;+Trident/7.0;+rv:11.0)+like+Gecko http://localhost:43/ 200 0 0 2
2022-03-04 01:27:51 ::1 GET /static/css/bootstrap.min.css - 43 - ::1 Mozilla/5.0+(Windows+NT+10.0;+WOW64;+Trident/7.0;+rv:11.0)+like+Gecko http://localhost:43/ 304 0 0 1
2022-03-04 01:27:51 ::1 GET /static/css/bootstrap-utilities.css - 43 - ::1 Mozilla/5.0+(Windows+NT+10.0;+WOW64;+Trident/7.0;+rv:11.0)+like+Gecko http://localhost:43/ 304 0 0 1
2022-03-04 01:27:51 ::1 GET /static/css/bootstrap.css - 43 - ::1 Mozilla/5.0+(Windows+NT+10.0;+WOW64;+Trident/7.0;+rv:11.0)+like+Gecko http://localhost:43/ 304 0 0 1
2022-03-04 01:27:51 ::1 GET /static/css/custom_dragdrop_v2.css - 43 - ::1 Mozilla/5.0+(Windows+NT+10.0;+WOW64;+Trident/7.0;+rv:11.0)+like+Gecko http://localhost:43/ 304 0 0 1
2022-03-04 01:27:51 ::1 GET /static/js/bootstrap.bundle.js - 43 - ::1 Mozilla/5.0+(Windows+NT+10.0;+WOW64;+Trident/7.0;+rv:11.0)+like+Gecko http://localhost:43/ 304 0 0 1
2022-03-04 01:27:51 ::1 GET /static/js/validatepassword.js - 43 - ::1 Mozilla/5.0+(Windows+NT+10.0;+WOW64;+Trident/7.0;+rv:11.0)+like+Gecko http://localhost:43/ 304 0 0 2
2022-03-04 01:27:51 ::1 GET /static/js/jquery-3.6.0.min.js - 43 - ::1 Mozilla/5.0+(Windows+NT+10.0;+WOW64;+Trident/7.0;+rv:11.0)+like+Gecko http://localhost:43/ 304 0 0 2
2022-03-04 01:27:51 ::1 GET /static/js/jquery.validate.js - 43 - ::1 Mozilla/5.0+(Windows+NT+10.0;+WOW64;+Trident/7.0;+rv:11.0)+like+Gecko http://localhost:43/ 304 0 0 1
2022-03-04 01:28:15 ::1 GET / - 43 - ::1 Mozilla/5.0+(Windows+NT+10.0;+WOW64;+Trident/7.0;+rv:11.0)+like+Gecko http://localhost:43/ 200 0 0 2
2022-03-04 01:28:15 ::1 GET /static/css/bootstrap.min.css - 43 - ::1 Mozilla/5.0+(Windows+NT+10.0;+WOW64;+Trident/7.0;+rv:11.0)+like+Gecko http://localhost:43/ 304 0 0 1
2022-03-04 01:28:15 ::1 GET /static/css/custom_dragdrop_v2.css - 43 - ::1 Mozilla/5.0+(Windows+NT+10.0;+WOW64;+Trident/7.0;+rv:11.0)+like+Gecko http://localhost:43/ 304 0 0 1
2022-03-04 01:28:15 ::1 GET /static/css/bootstrap-utilities.css - 43 - ::1 Mozilla/5.0+(Windows+NT+10.0;+WOW64;+Trident/7.0;+rv:11.0)+like+Gecko http://localhost:43/ 304 0 0 1
2022-03-04 01:28:15 ::1 GET /static/css/bootstrap.css - 43 - ::1 Mozilla/5.0+(Windows+NT+10.0;+WOW64;+Trident/7.0;+rv:11.0)+like+Gecko http://localhost:43/ 304 0 0 1
2022-03-04 01:28:15 ::1 GET /static/js/validatepassword.js - 43 - ::1 Mozilla/5.0+(Windows+NT+10.0;+WOW64;+Trident/7.0;+rv:11.0)+like+Gecko http://localhost:43/ 304 0 0 2
2022-03-04 01:28:15 ::1 GET /static/js/bootstrap.bundle.js - 43 - ::1 Mozilla/5.0+(Windows+NT+10.0;+WOW64;+Trident/7.0;+rv:11.0)+like+Gecko http://localhost:43/ 304 0 0 1
2022-03-04 01:28:16 ::1 GET / - 43 - ::1 Mozilla/5.0+(Windows+NT+10.0;+WOW64;+Trident/7.0;+rv:11.0)+like+Gecko http://localhost:43/ 200 0 0 2
2022-03-04 01:28:15 ::1 GET /static/js/jquery-3.6.0.min.js - 43 - ::1 Mozilla/5.0+(Windows+NT+10.0;+WOW64;+Trident/7.0;+rv:11.0)+like+Gecko http://localhost:43/ 304 0 0 1
2022-03-04 01:28:16 ::1 GET /static/css/bootstrap.min.css - 43 - ::1 Mozilla/5.0+(Windows+NT+10.0;+WOW64;+Trident/7.0;+rv:11.0)+like+Gecko http://localhost:43/ 304 0 0 1
2022-03-04 01:28:15 ::1 GET /static/js/jquery.validate.js - 43 - ::1 Mozilla/5.0+(Windows+NT+10.0;+WOW64;+Trident/7.0;+rv:11.0)+like+Gecko http://localhost:43/ 304 0 0 1
2022-03-04 01:28:16 ::1 GET /static/css/custom_dragdrop_v2.css - 43 - ::1 Mozilla/5.0+(Windows+NT+10.0;+WOW64;+Trident/7.0;+rv:11.0)+like+Gecko http://localhost:43/ 304 0 0 1
2022-03-04 01:28:16 ::1 GET /static/css/bootstrap.css - 43 - ::1 Mozilla/5.0+(Windows+NT+10.0;+WOW64;+Trident/7.0;+rv:11.0)+like+Gecko http://localhost:43/ 304 0 0 1
2022-03-04 01:28:16 ::1 GET /static/css/bootstrap-utilities.css - 43 - ::1 Mozilla/5.0+(Windows+NT+10.0;+WOW64;+Trident/7.0;+rv:11.0)+like+Gecko http://localhost:43/ 304 0 0 2
2022-03-04 01:28:16 ::1 GET /static/js/validatepassword.js - 43 - ::1 Mozilla/5.0+(Windows+NT+10.0;+WOW64;+Trident/7.0;+rv:11.0)+like+Gecko http://localhost:43/ 304 0 0 2
2022-03-04 01:28:16 ::1 GET /static/js/bootstrap.bundle.js - 43 - ::1 Mozilla/5.0+(Windows+NT+10.0;+WOW64;+Trident/7.0;+rv:11.0)+like+Gecko http://localhost:43/ 304 0 0 1
2022-03-04 01:28:16 ::1 GET /static/js/jquery-3.6.0.min.js - 43 - ::1 Mozilla/5.0+(Windows+NT+10.0;+WOW64;+Trident/7.0;+rv:11.0)+like+Gecko http://localhost:43/ 304 0 0 1
2022-03-04 01:28:16 ::1 GET /static/js/jquery.validate.js - 43 - ::1 Mozilla/5.0+(Windows+NT+10.0;+WOW64;+Trident/7.0;+rv:11.0)+like+Gecko http://localhost:43/ 304 0 0 1
2022-03-04 01:28:16 ::1 GET / - 43 - ::1 Mozilla/5.0+(Windows+NT+10.0;+WOW64;+Trident/7.0;+rv:11.0)+like+Gecko http://localhost:43/ 200 0 0 2
2022-03-04 01:28:16 ::1 GET /static/css/bootstrap.min.css - 43 - ::1 Mozilla/5.0+(Windows+NT+10.0;+WOW64;+Trident/7.0;+rv:11.0)+like+Gecko http://localhost:43/ 304 0 0 1
2022-03-04 01:28:16 ::1 GET /static/css/custom_dragdrop_v2.css - 43 - ::1 Mozilla/5.0+(Windows+NT+10.0;+WOW64;+Trident/7.0;+rv:11.0)+like+Gecko http://localhost:43/ 304 0 0 2
2022-03-04 01:28:16 ::1 GET /static/css/bootstrap-utilities.css - 43 - ::1 Mozilla/5.0+(Windows+NT+10.0;+WOW64;+Trident/7.0;+rv:11.0)+like+Gecko http://localhost:43/ 304 0 0 1
2022-03-04 01:28:16 ::1 GET /static/css/bootstrap.css - 43 - ::1 Mozilla/5.0+(Windows+NT+10.0;+WOW64;+Trident/7.0;+rv:11.0)+like+Gecko http://localhost:43/ 304 0 0 1
2022-03-04 01:28:16 ::1 GET /static/js/validatepassword.js - 43 - ::1 Mozilla/5.0+(Windows+NT+10.0;+WOW64;+Trident/7.0;+rv:11.0)+like+Gecko http://localhost:43/ 304 0 0 2
2022-03-04 01:28:16 ::1 GET /static/js/bootstrap.bundle.js - 43 - ::1 Mozilla/5.0+(Windows+NT+10.0;+WOW64;+Trident/7.0;+rv:11.0)+like+Gecko http://localhost:43/ 304 0 0 1
2022-03-04 01:28:16 ::1 GET /static/js/jquery-3.6.0.min.js - 43 - ::1 Mozilla/5.0+(Windows+NT+10.0;+WOW64;+Trident/7.0;+rv:11.0)+like+Gecko http://localhost:43/ 304 0 0 1
2022-03-04 01:28:16 ::1 GET /static/js/jquery.validate.js - 43 - ::1 Mozilla/5.0+(Windows+NT+10.0;+WOW64;+Trident/7.0;+rv:11.0)+like+Gecko http://localhost:43/ 304 0 0 1
2022-03-04 01:28:16 ::1 GET / - 43 - ::1 Mozilla/5.0+(Windows+NT+10.0;+WOW64;+Trident/7.0;+rv:11.0)+like+Gecko http://localhost:43/ 200 0 0 2
2022-03-04 01:28:16 ::1 GET /static/css/bootstrap.min.css - 43 - ::1 Mozilla/5.0+(Windows+NT+10.0;+WOW64;+Trident/7.0;+rv:11.0)+like+Gecko http://localhost:43/ 304 0 0 1
2022-03-04 01:28:16 ::1 GET /static/css/custom_dragdrop_v2.css - 43 - ::1 Mozilla/5.0+(Windows+NT+10.0;+WOW64;+Trident/7.0;+rv:11.0)+like+Gecko http://localhost:43/ 304 0 0 1
2022-03-04 01:28:16 ::1 GET /static/css/bootstrap-utilities.css - 43 - ::1 Mozilla/5.0+(Windows+NT+10.0;+WOW64;+Trident/7.0;+rv:11.0)+like+Gecko http://localhost:43/ 304 0 0 1
2022-03-04 01:28:16 ::1 GET /static/css/bootstrap.css - 43 - ::1 Mozilla/5.0+(Windows+NT+10.0;+WOW64;+Trident/7.0;+rv:11.0)+like+Gecko http://localhost:43/ 304 0 0 1
2022-03-04 01:28:16 ::1 GET /static/js/validatepassword.js - 43 - ::1 Mozilla/5.0+(Windows+NT+10.0;+WOW64;+Trident/7.0;+rv:11.0)+like+Gecko http://localhost:43/ 304 0 0 1
2022-03-04 01:28:16 ::1 GET /static/js/bootstrap.bundle.js - 43 - ::1 Mozilla/5.0+(Windows+NT+10.0;+WOW64;+Trident/7.0;+rv:11.0)+like+Gecko http://localhost:43/ 304 0 0 1
2022-03-04 01:28:16 ::1 GET /static/js/jquery-3.6.0.min.js - 43 - ::1 Mozilla/5.0+(Windows+NT+10.0;+WOW64;+Trident/7.0;+rv:11.0)+like+Gecko http://localhost:43/ 304 0 0 1
2022-03-04 01:28:16 ::1 GET /static/js/jquery.validate.js - 43 - ::1 Mozilla/5.0+(Windows+NT+10.0;+WOW64;+Trident/7.0;+rv:11.0)+like+Gecko http://localhost:43/ 304 0 0 1
2022-03-04 01:28:28 ::1 GET / - 43 - ::1 Mozilla/5.0+(Windows+NT+10.0;+WOW64;+Trident/7.0;+rv:11.0)+like+Gecko - 200 0 0 1
2022-03-04 01:28:28 ::1 GET /static/css/bootstrap.min.css - 43 - ::1 Mozilla/5.0+(Windows+NT+10.0;+WOW64;+Trident/7.0;+rv:11.0)+like+Gecko http://localhost:43/ 304 0 0 6
2022-03-04 01:28:28 ::1 GET /static/js/validatepassword.js - 43 - ::1 Mozilla/5.0+(Windows+NT+10.0;+WOW64;+Trident/7.0;+rv:11.0)+like+Gecko http://localhost:43/ 304 0 0 4
2022-03-04 01:28:28 ::1 GET /static/css/custom_dragdrop_v2.css - 43 - ::1 Mozilla/5.0+(Windows+NT+10.0;+WOW64;+Trident/7.0;+rv:11.0)+like+Gecko http://localhost:43/ 304 0 0 5
2022-03-04 01:28:30 ::1 GET /static/js/jquery.validate.js - 43 - ::1 Mozilla/5.0+(Windows+NT+10.0;+WOW64;+Trident/7.0;+rv:11.0)+like+Gecko http://localhost:43/ 304 0 0 1502
2022-03-04 01:28:30 ::1 GET /static/js/bootstrap.bundle.js - 43 - ::1 Mozilla/5.0+(Windows+NT+10.0;+WOW64;+Trident/7.0;+rv:11.0)+like+Gecko http://localhost:43/ 304 0 0 1507
2022-03-04 01:28:30 ::1 GET /static/css/bootstrap-utilities.css - 43 - ::1 Mozilla/5.0+(Windows+NT+10.0;+WOW64;+Trident/7.0;+rv:11.0)+like+Gecko http://localhost:43/ 304 0 0 1512
2022-03-04 01:28:30 ::1 GET /static/css/bootstrap.css - 43 - ::1 Mozilla/5.0+(Windows+NT+10.0;+WOW64;+Trident/7.0;+rv:11.0)+like+Gecko http://localhost:43/ 304 0 0 1550
2022-03-04 01:28:28 ::1 GET /static/js/jquery-3.6.0.min.js - 43 - ::1 Mozilla/5.0+(Windows+NT+10.0;+WOW64;+Trident/7.0;+rv:11.0)+like+Gecko http://localhost:43/ 304 0 0 5
2022-03-04 01:30:53 ::1 GET / - 43 - ::1 Mozilla/5.0+(Windows+NT+10.0;+WOW64;+Trident/7.0;+rv:11.0)+like+Gecko - 200 0 0 4
2022-03-04 01:30:53 ::1 GET /static/css/bootstrap.min.css - 43 - ::1 Mozilla/5.0+(Windows+NT+10.0;+WOW64;+Trident/7.0;+rv:11.0)+like+Gecko http://localhost:43/ 304 0 0 1
2022-03-04 01:30:53 ::1 GET /static/css/custom_dragdrop_v2.css - 43 - ::1 Mozilla/5.0+(Windows+NT+10.0;+WOW64;+Trident/7.0;+rv:11.0)+like+Gecko http://localhost:43/ 304 0 0 1
2022-03-04 01:30:53 ::1 GET /static/css/bootstrap-utilities.css - 43 - ::1 Mozilla/5.0+(Windows+NT+10.0;+WOW64;+Trident/7.0;+rv:11.0)+like+Gecko http://localhost:43/ 304 0 0 3
2022-03-04 01:30:53 ::1 GET /static/css/bootstrap.css - 43 - ::1 Mozilla/5.0+(Windows+NT+10.0;+WOW64;+Trident/7.0;+rv:11.0)+like+Gecko http://localhost:43/ 304 0 0 1
2022-03-04 01:30:53 ::1 GET /static/js/validatepassword.js - 43 - ::1 Mozilla/5.0+(Windows+NT+10.0;+WOW64;+Trident/7.0;+rv:11.0)+like+Gecko http://localhost:43/ 304 0 0 1
2022-03-04 01:30:53 ::1 GET /static/js/bootstrap.bundle.js - 43 - ::1 Mozilla/5.0+(Windows+NT+10.0;+WOW64;+Trident/7.0;+rv:11.0)+like+Gecko http://localhost:43/ 304 0 0 3
2022-03-04 01:30:53 ::1 GET /static/js/jquery-3.6.0.min.js - 43 - ::1 Mozilla/5.0+(Windows+NT+10.0;+WOW64;+Trident/7.0;+rv:11.0)+like+Gecko http://localhost:43/ 304 0 0 1
2022-03-04 01:30:53 ::1 GET /static/js/jquery.validate.js - 43 - ::1 Mozilla/5.0+(Windows+NT+10.0;+WOW64;+Trident/7.0;+rv:11.0)+like+Gecko http://localhost:43/ 304 0 0 1
2022-03-04 01:38:03 ::1 GET / - 43 - ::1 Mozilla/5.0+(Windows+NT+10.0;+WOW64;+Trident/7.0;+rv:11.0)+like+Gecko - 200 0 0 486
2022-03-04 01:38:03 ::1 GET /static/css/bootstrap.min.css - 43 - ::1 Mozilla/5.0+(Windows+NT+10.0;+WOW64;+Trident/7.0;+rv:11.0)+like+Gecko http://localhost:43/ 304 0 0 33
2022-03-04 01:38:03 ::1 GET /static/css/custom_dragdrop_v2.css - 43 - ::1 Mozilla/5.0+(Windows+NT+10.0;+WOW64;+Trident/7.0;+rv:11.0)+like+Gecko http://localhost:43/ 304 0 0 1
2022-03-04 01:38:03 ::1 GET /static/css/bootstrap-utilities.css - 43 - ::1 Mozilla/5.0+(Windows+NT+10.0;+WOW64;+Trident/7.0;+rv:11.0)+like+Gecko http://localhost:43/ 304 0 0 1
2022-03-04 01:38:03 ::1 GET /static/css/bootstrap.css - 43 - ::1 Mozilla/5.0+(Windows+NT+10.0;+WOW64;+Trident/7.0;+rv:11.0)+like+Gecko http://localhost:43/ 304 0 0 1
2022-03-04 01:38:03 ::1 GET /static/js/validatepassword.js - 43 - ::1 Mozilla/5.0+(Windows+NT+10.0;+WOW64;+Trident/7.0;+rv:11.0)+like+Gecko http://localhost:43/ 304 0 0 2
2022-03-04 01:38:03 ::1 GET /static/js/bootstrap.bundle.js - 43 - ::1 Mozilla/5.0+(Windows+NT+10.0;+WOW64;+Trident/7.0;+rv:11.0)+like+Gecko http://localhost:43/ 304 0 0 1
2022-03-04 01:38:03 ::1 GET /static/js/jquery-3.6.0.min.js - 43 - ::1 Mozilla/5.0+(Windows+NT+10.0;+WOW64;+Trident/7.0;+rv:11.0)+like+Gecko http://localhost:43/ 304 0 0 1
2022-03-04 01:38:03 ::1 GET /static/js/jquery.validate.js - 43 - ::1 Mozilla/5.0+(Windows+NT+10.0;+WOW64;+Trident/7.0;+rv:11.0)+like+Gecko http://localhost:43/ 304 0 0 1
2022-03-04 01:38:37 ::1 POST /upload - 43 - ::1 Mozilla/5.0+(Windows+NT+10.0;+WOW64;+Trident/7.0;+rv:11.0)+like+Gecko http://localhost:43/ 302 0 0 8
2022-03-04 01:38:37 ::1 GET /savepassword/04032022083803/rttretrerrrrEEE%4 - 43 - ::1 Mozilla/5.0+(Windows+NT+10.0;+WOW64;+Trident/7.0;+rv:11.0)+like+Gecko http://localhost:43/ 200 0 0 19
2022-03-04 01:38:53 ::1 POST /upload - 43 - ::1 Mozilla/5.0+(Windows+NT+10.0;+WOW64;+Trident/7.0;+rv:11.0)+like+Gecko http://localhost:43/ 200 0 0 13
